StudentsT(ν=2.000, ε_ν=0.000) |> Location(μ=5.000, ε_μ=0.000) |> Scale(σ=1.000, ε_σ=0.000)
Coverage of mean: 0.981 [0.9725338758774952 .. 0.9894661241225048]
Coverage of median: 0.933 [0.917495721872972 .. 0.9485042781270281]
Coverage of ES: 0.909 [0.8911648829047354 .. 0.9268351170952647]
Coverage of mean/ES: 0.841 [0.8183238204381884 .. 0.8636761795618115]
Coverage of median/ES: 0.812 [0.7877712914103967 .. 0.8362287085896034]
StudentsT(ν=5.000, ε_ν=0.000) |> Location(μ=5.000, ε_μ=0.000) |> Scale(σ=1.000, ε_σ=0.000)
Coverage of mean: 0.95 [0.9364848729692 .. 0.9635151270307999]
Coverage of median: 0.947 [0.9331073129901968 .. 0.9608926870098031]
Coverage of ES: 0.957 [0.9444204958155925 .. 0.9695795041844074]
Coverage of mean/ES: 0.952 [0.9387440022980134 .. 0.9652559977019866]
Coverage of median/ES: 0.934 [0.918603616040153 .. 0.9493963839598472]
StudentsT(ν=10.000, ε_ν=0.000) |> Location(μ=5.000, ε_μ=0.000) |> Scale(σ=1.000, ε_σ=0.000)
Coverage of mean: 0.945 [0.9308625664625071 .. 0.9591374335374928]
Coverage of median: 0.924 [0.907567028237079 .. 0.9404329717629211]
Coverage of ES: 0.981 [0.9725338758774952 .. 0.9894661241225048]
Coverage of mean/ES: 0.973 [0.9629489454634204 .. 0.9830510545365796]
Coverage of median/ES: 0.989 [0.9825320326994487 .. 0.9954679673005513]
StudentsT(ν=20.000, ε_ν=0.000) |> Location(μ=5.000, ε_μ=0.000) |> Scale(σ=1.000, ε_σ=0.000)
Coverage of mean: 0.95 [0.9364848729692 .. 0.9635151270307999]
Coverage of median: 0.931 [0.9152828892613825 .. 0.9467171107386176]
Coverage of ES: 0.989 [0.9825320326994487 .. 0.9954679673005513]
Coverage of mean/ES: 0.989 [0.9825320326994487 .. 0.9954679673005513]
Coverage of median/ES: 0.994 [0.9892110296893135 .. 0.9987889703106865]
Gaussian() |> Location(μ=5.000, ε_μ=0.000) |> Scale(σ=1.000, ε_σ=0.000)
Coverage of mean: 0.939 [0.9241587308605473 .. 0.9538412691394526]
Coverage of median: 0.933 [0.917495721872972 .. 0.9485042781270281]
Coverage of ES: 0.969 [0.9582522869532287 .. 0.9797477130467712]
Coverage of mean/ES: 0.991 [0.9851435908674404 .. 0.9968564091325596]
Coverage of median/ES: 0.989 [0.9825320326994487 .. 0.9954679673005513]
Laplace() |> Location(μ=5.000, ε_μ=0.000) |> Scale(σ=1.000, ε_σ=0.000)
Coverage of mean: 0.955 [0.9421447280068441 .. 0.9678552719931558]
Coverage of median: 0.934 [0.9186036160401528 .. 0.9493963839598473]
Coverage of ES: 0.994 [0.9892110296893135 .. 0.9987889703106865]
Coverage of mean/ES: 0.985 [0.9774623308339742 .. 0.9925376691660258]
Coverage of median/ES: 0.989 [0.9825320326994487 .. 0.9954679673005513]
Asymmetric(
    Laplace() |> Scale(σ=1.000, ε_σ=0.000),
    Laplace() |> Scale(σ=2.000, ε_σ=0.000)
) |> Location(μ=5.000, ε_μ=0.000)
Coverage of mean: 0.951 [0.9376136669579637 .. 0.9643863330420362]
Coverage of median: 0.661 [0.6316455528076244 .. 0.6903544471923757]
Coverage of ES: 0.975 [0.965318433353391 .. 0.984681566646609]
Coverage of mean/ES: 0.964 [0.9524478426803156 .. 0.9755521573196844]
Coverage of median/ES: 0.966 [0.954761681166197 .. 0.977238318833803]
Asymmetric(
    Laplace() |> Scale(σ=4.000, ε_σ=0.000),
    Laplace() |> Scale(σ=1.000, ε_σ=0.000)
) |> Location(μ=5.000, ε_μ=0.000)
Coverage of mean: 0.94 [0.925273047731349 .. 0.9547269522686509]
Coverage of median: 0.644 [0.614307876387759 .. 0.6736921236122411]
Coverage of ES: 0.998 [0.9952295290817067 .. 1.0007704709182934]
Coverage of mean/ES: 0.849 [0.8267967961622503 .. 0.8712032038377496]
Coverage of median/ES: 0.633 [0.6031112182102235 .. 0.6628887817897765]
